1708428338365	geckodriver	INFO	Listening on 127.0.0.1:4444
1708428338369	webdriver::server	DEBUG	-> GET /status 
1708428338369	webdriver::server	DEBUG	<- 200 OK {"value":{"message":"","ready":true}}
1708428338384	webdriver::server	DEBUG	-> POST /session {"capabilities":{"firstMatch":[{}],"alwaysMatch":{"browserName":"firefox","moz:firefoxOptions":{"binary":"/usr/bin/firefox"}}}}
1708428338384	geckodriver::capabilities	DEBUG	Trying to read firefox version from ini files
1708428338385	geckodriver::capabilities	DEBUG	Found version 122.0.1
1708428338386	mozrunner::runner	INFO	Running command: MOZ_CRASHREPORTER="1" MOZ_CRASHREPORTER_NO_REPORT="1" MOZ_CRASHREPORTER_SHUTDOWN="1" MOZ_NO_REMOTE="1" "/usr/bin/firefox" "--marionette" "-no-remote" "-profile" "/tmp/rust_mozprofilexymh04"
1708428338386	geckodriver::marionette	DEBUG	Waiting 60s to connect to browser on 127.0.0.1
1708428338386	geckodriver::browser	TRACE	Failed to open /tmp/rust_mozprofilexymh04/MarionetteActivePort
1708428338386	geckodriver::marionette	TRACE	Retrying in 100ms
1708428338486	geckodriver::browser	TRACE	Failed to open /tmp/rust_mozprofilexymh04/MarionetteActivePort
1708428338486	geckodriver::marionette	TRACE	Retrying in 100ms
console.warn: services.settings: Ignoring preference override of remote settings server
console.warn: services.settings: Allow by setting MOZ_REMOTE_SETTINGS_DEVTOOLS=1 in the environment
1708428338586	geckodriver::browser	TRACE	Failed to open /tmp/rust_mozprofilexymh04/MarionetteActivePort
1708428338586	geckodriver::marionette	TRACE	Retrying in 100ms
1708428338686	geckodriver::browser	TRACE	Failed to open /tmp/rust_mozprofilexymh04/MarionetteActivePort
1708428338686	geckodriver::marionette	TRACE	Retrying in 100ms
1708428338787	geckodriver::browser	TRACE	Failed to open /tmp/rust_mozprofilexymh04/MarionetteActivePort
1708428338787	geckodriver::marionette	TRACE	Retrying in 100ms
1708428338887	geckodriver::browser	TRACE	Failed to open /tmp/rust_mozprofilexymh04/MarionetteActivePort
1708428338887	geckodriver::marionette	TRACE	Retrying in 100ms
1708428338987	geckodriver::browser	TRACE	Failed to open /tmp/rust_mozprofilexymh04/MarionetteActivePort
1708428338987	geckodriver::marionette	TRACE	Retrying in 100ms
1708428339087	geckodriver::browser	TRACE	Failed to open /tmp/rust_mozprofilexymh04/MarionetteActivePort
1708428339087	geckodriver::marionette	TRACE	Retrying in 100ms
ATTENTION: default value of option mesa_glthread overridden by environment.
1708428339143	Marionette	INFO	Marionette enabled
1708428339144	RemoteAgent	DEBUG	Setting recommended pref apz.content_response_timeout to 60000
1708428339144	RemoteAgent	DEBUG	Setting recommended pref browser.contentblocking.introCount to 99
1708428339144	RemoteAgent	DEBUG	Setting recommended pref browser.download.panel.shown to true
1708428339144	RemoteAgent	DEBUG	Setting recommended pref browser.newtabpage.activity-stream.showSponsoredTopSites to false
1708428339144	RemoteAgent	DEBUG	Setting recommended pref browser.newtabpage.enabled to false
1708428339144	RemoteAgent	DEBUG	Setting recommended pref browser.pagethumbnails.capturing_disabled to true
1708428339144	RemoteAgent	DEBUG	Setting recommended pref browser.region.network.url to 
1708428339144	RemoteAgent	DEBUG	Setting recommended pref browser.safebrowsing.blockedURIs.enabled to false
1708428339144	RemoteAgent	DEBUG	Setting recommended pref browser.safebrowsing.downloads.enabled to false
1708428339144	RemoteAgent	DEBUG	Setting recommended pref browser.safebrowsing.malware.enabled to false
1708428339145	RemoteAgent	DEBUG	Setting recommended pref browser.safebrowsing.phishing.enabled to false
1708428339145	RemoteAgent	DEBUG	Setting recommended pref browser.search.update to false
1708428339145	RemoteAgent	DEBUG	Setting recommended pref browser.startup.couldRestoreSession.count to -1
1708428339145	RemoteAgent	DEBUG	Setting recommended pref browser.tabs.closeWindowWithLastTab to false
1708428339145	RemoteAgent	DEBUG	Setting recommended pref browser.tabs.unloadOnLowMemory to false
1708428339145	RemoteAgent	DEBUG	Setting recommended pref browser.tabs.warnOnClose to false
1708428339145	RemoteAgent	DEBUG	Setting recommended pref browser.tabs.warnOnCloseOtherTabs to false
1708428339145	RemoteAgent	DEBUG	Setting recommended pref browser.tabs.warnOnOpen to false
1708428339145	RemoteAgent	DEBUG	Setting recommended pref browser.toolbars.bookmarks.visibility to never
1708428339145	RemoteAgent	DEBUG	Setting recommended pref browser.topsites.contile.enabled to false
1708428339145	RemoteAgent	DEBUG	Setting recommended pref browser.usedOnWindows10.introURL to 
1708428339145	RemoteAgent	DEBUG	Setting recommended pref browser.urlbar.merino.endpointURL to 
1708428339145	RemoteAgent	DEBUG	Setting recommended pref browser.urlbar.suggest.searches to false
1708428339145	RemoteAgent	DEBUG	Setting recommended pref datareporting.policy.dataSubmissionPolicyAccepted to false
1708428339145	RemoteAgent	DEBUG	Setting recommended pref dom.disable_open_during_load to false
1708428339145	RemoteAgent	DEBUG	Setting recommended pref dom.file.createInChild to true
1708428339145	RemoteAgent	DEBUG	Setting recommended pref dom.input_events.security.minNumTicks to 0
1708428339145	RemoteAgent	DEBUG	Setting recommended pref dom.input_events.security.minTimeElapsedInMS to 0
1708428339145	RemoteAgent	DEBUG	Setting recommended pref dom.max_chrome_script_run_time to 0
1708428339145	RemoteAgent	DEBUG	Setting recommended pref dom.max_script_run_time to 0
1708428339145	RemoteAgent	DEBUG	Setting recommended pref dom.navigation.locationChangeRateLimit.count to 0
1708428339145	RemoteAgent	DEBUG	Setting recommended pref dom.push.connection.enabled to false
1708428339145	RemoteAgent	DEBUG	Setting recommended pref dom.screenorientation.allow-lock to true
1708428339145	RemoteAgent	DEBUG	Setting recommended pref dom.successive_dialog_time_limit to 0
1708428339145	RemoteAgent	DEBUG	Setting recommended pref extensions.getAddons.cache.enabled to false
1708428339145	RemoteAgent	DEBUG	Setting recommended pref extensions.getAddons.discovery.api_url to data:, 
1708428339145	RemoteAgent	DEBUG	Setting recommended pref extensions.blocklist.detailsURL to http://%(server)s/extensions-dummy/blocklistDetailsURL
1708428339145	RemoteAgent	DEBUG	Setting recommended pref extensions.blocklist.itemURL to http://%(server)s/extensions-dummy/blocklistItemURL
1708428339145	RemoteAgent	DEBUG	Setting recommended pref extensions.hotfix.url to http://%(server)s/extensions-dummy/hotfixURL
1708428339145	RemoteAgent	DEBUG	Setting recommended pref extensions.systemAddon.update.url to http://%(server)s/dummy-system-addons.xml
1708428339145	RemoteAgent	DEBUG	Setting recommended pref extensions.update.background.url to http://%(server)s/extensions-dummy/updateBackgroundURL
1708428339146	RemoteAgent	DEBUG	Setting recommended pref extensions.update.url to http://%(server)s/extensions-dummy/updateURL
1708428339146	RemoteAgent	DEBUG	Setting recommended pref extensions.getAddons.get.url to http://%(server)s/extensions-dummy/repositoryGetURL
1708428339146	RemoteAgent	DEBUG	Setting recommended pref extensions.getAddons.search.browseURL to http://%(server)s/extensions-dummy/repositoryBrowseURL
1708428339146	RemoteAgent	DEBUG	Setting recommended pref geo.provider.network.url to 
1708428339146	RemoteAgent	DEBUG	Setting recommended pref identity.fxaccounts.auth.uri to https://{server}/dummy/fxa
1708428339146	RemoteAgent	DEBUG	Setting recommended pref network.connectivity-service.enabled to false
1708428339146	RemoteAgent	DEBUG	Setting recommended pref network.http.phishy-userpass-length to 255
1708428339146	RemoteAgent	DEBUG	Setting recommended pref network.http.prompt-temp-redirect to false
1708428339146	RemoteAgent	DEBUG	Setting recommended pref privacy.trackingprotection.enabled to false
1708428339146	RemoteAgent	DEBUG	Setting recommended pref security.fileuri.strict_origin_policy to false
1708428339146	RemoteAgent	DEBUG	Setting recommended pref security.notification_enable_delay to 0
1708428339146	RemoteAgent	DEBUG	Setting recommended pref security.remote_settings.intermediates.enabled to false
1708428339146	RemoteAgent	DEBUG	Setting recommended pref signon.autofillForms to false
1708428339146	RemoteAgent	DEBUG	Setting recommended pref signon.rememberSignons to false
1708428339146	RemoteAgent	DEBUG	Setting recommended pref toolkit.telemetry.server to https://%(server)s/telemetry-dummy/
1708428339146	RemoteAgent	DEBUG	Setting recommended pref widget.windows.window_occlusion_tracking.enabled to false
1708428339146	RemoteAgent	DEBUG	Setting recommended pref dom.disable_beforeunload to true
1708428339146	Marionette	TRACE	Received observer notification final-ui-startup
1708428339187	geckodriver::browser	TRACE	Failed to open /tmp/rust_mozprofilexymh04/MarionetteActivePort
1708428339187	geckodriver::marionette	TRACE	Retrying in 100ms
ATTENTION: default value of option mesa_glthread overridden by environment.
1708428339241	Marionette	INFO	Listening on port 44075
1708428339243	Marionette	DEBUG	Marionette is listening
Read port: 44075
1708428339402	Marionette	DEBUG	Accepted connection 0 from 127.0.0.1:55322
1708428339419	geckodriver::marionette	DEBUG	Connection to Marionette established on 127.0.0.1:44075.
1708428339427	Marionette	DEBUG	0 -> [0,1,"WebDriver:NewSession",{"browserName":"firefox"}]
1708428339430	Marionette	DEBUG	Waiting for initial application window
console.error: ({})
1708428340572	Marionette	TRACE	Received observer notification browser-idle-startup-tasks-finished
1708428340576	RemoteAgent	TRACE	[8] ProgressListener Start: expectNavigation=false resolveWhenStarted=false unloadTimeout=5000 waitForExplicitStart=false
1708428340576	RemoteAgent	TRACE	[8] ProgressListener Setting unload timer (5000ms)
1708428340576	RemoteAgent	TRACE	[8] Document already finished loading: about:blank
1708428340576	RemoteAgent	TRACE	[8] ProgressListener Stop: has error=false
1708428340586	Marionette	DEBUG	0 <- [1,1,null,{"sessionId":"25cff95d-b8f5-4a32-9a0f-5542af11f9ec","capabilities":{"browserName":"firefox","browserVersion":"122.0.1","platformName":"linux","acceptInsecureCerts":false,"pageLoadStrategy":"normal","setWindowRect":true,"timeouts":{"implicit":0,"pageLoad":300000,"script":30000},"strictFileInteractability":false,"unhandledPromptBehavior":"dismiss and notify","moz:accessibilityChecks":false,"moz:buildID":"20240205133611","moz:headless":false,"moz:platformVersion":"5.15.0-94-generic","moz:processID":31947,"moz:profile":"/tmp/rust_mozprofilexymh04","moz:shutdownTimeout":60000,"moz:webdriverClick":true,"moz:windowless":false,"proxy":{}}}]
1708428340590	webdriver::server	DEBUG	<- 200 OK {"value":{"sessionId":"25cff95d-b8f5-4a32-9a0f-5542af11f9ec","capabilities":{"acceptInsecureCerts":false,"browserNa ... ctability":false,"timeouts":{"implicit":0,"pageLoad":300000,"script":30000},"unhandledPromptBehavior":"dismiss and notify"}}}
1708428340599	webdriver::server	DEBUG	-> POST /session/25cff95d-b8f5-4a32-9a0f-5542af11f9ec/url {"url":"https://www.automationexercise.com/"}
1708428340600	Marionette	DEBUG	0 -> [0,2,"WebDriver:Navigate",{"url":"https://www.automationexercise.com/"}]
1708428340604	Marionette	TRACE	[8] Received event beforeunload for about:blank
1708428341798	Marionette	TRACE	Remoteness change detected. Set new top-level browsing context to 11
1708428341809	Marionette	TRACE	[11] Received event beforeunload for about:blank
1708428341816	Marionette	TRACE	[11] Received event pagehide for about:blank
JavaScript warning: https://www.automationexercise.com/static/js/jquery.js, line 2: Using //@ to indicate sourceMappingURL pragmas is deprecated. Use //# instead
1708428343126	Marionette	TRACE	[11] Received event DOMContentLoaded for https://www.automationexercise.com/
JavaScript warning: https://pagead2.googlesyndication.com/bg/Ke811GU8D9oP10uMu54EDqWuI5DGCOjC6vNIGcZJ2dY.js line 2 > eval line 4034 > eval line 1 > eval line 1 > eval, line 1: WEBGL_debug_renderer_info is deprecated in Firefox and will be removed. Please use RENDERER.
1708428345044	Marionette	TRACE	[11] Received event pageshow for https://www.automationexercise.com/
1708428345044	Marionette	DEBUG	0 <- [1,2,null,{"value":null}]
1708428345048	webdriver::server	DEBUG	<- 200 OK {"value":null}
1708428345055	webdriver::server	DEBUG	-> POST /session/25cff95d-b8f5-4a32-9a0f-5542af11f9ec/elements {"using":"css selector","value":"#header"}
1708428345057	Marionette	DEBUG	0 -> [0,3,"WebDriver:FindElements",{"using":"css selector","value":"#header"}]
1708428345063	RemoteAgent	TRACE	WebDriverProcessData actor created for PID 32136
1708428345064	Marionette	TRACE	[11] MarionetteCommands actor created for window id 6442450945
1708428345080	Marionette	DEBUG	0 <- [1,3,null,[{"element-6066-11e4-a52e-4f735466cecf":"11b0ba4e-c532-4e01-9ab5-2f0490c39ef0"}]]
1708428345081	webdriver::server	DEBUG	<- 200 OK {"value":[{"element-6066-11e4-a52e-4f735466cecf":"11b0ba4e-c532-4e01-9ab5-2f0490c39ef0"}]}
1708428345087	webdriver::server	DEBUG	-> POST /session/25cff95d-b8f5-4a32-9a0f-5542af11f9ec/execute/sync {"script":"/* isDisplayed */return (function(){return (fun ... ement-6066-11e4-a52e-4f735466cecf":"11b0ba4e-c532-4e01-9ab5-2f0490c39ef0","ELEMENT":"11b0ba4e-c532-4e01-9ab5-2f0490c39ef0"}]}
1708428345089	Marionette	DEBUG	0 -> [0,4,"WebDriver:ExecuteScript",{"args":[{"ELEMENT":"11b0ba4e-c532-4e01-9ab5-2f0490c39ef0","element-6066-11e4-a52e-4f735466cecf":"11b0ba4e-c532-4e01-9ab5-2f0490c39ef0"}],"script":"/* isDisplayed */return (function(){return (function(){var k=this||self;function aa(a){return\"string\"==typeof a}function ba(a ... efined'?window.navigator:null,document:typeof window!='undefined'?window.document:null}, arguments);}).apply(null, arguments)"}]
1708428345099	Marionette	DEBUG	0 <- [1,4,null,{"value":true}]
1708428345100	webdriver::server	DEBUG	<- 200 OK {"value":true}
1708428345105	webdriver::server	DEBUG	-> GET /session/25cff95d-b8f5-4a32-9a0f-5542af11f9ec/title 
1708428345110	Marionette	DEBUG	0 -> [0,5,"WebDriver:GetTitle",{}]
1708428345111	Marionette	DEBUG	0 <- [1,5,null,{"value":"Automation Exercise"}]
1708428345112	webdriver::server	DEBUG	<- 200 OK {"value":"Automation Exercise"}
1708428345119	webdriver::server	DEBUG	-> POST /session/25cff95d-b8f5-4a32-9a0f-5542af11f9ec/elements {"using":"css selector","value":"#header"}
1708428345120	Marionette	DEBUG	0 -> [0,6,"WebDriver:FindElements",{"using":"css selector","value":"#header"}]
1708428345122	Marionette	DEBUG	0 <- [1,6,null,[{"element-6066-11e4-a52e-4f735466cecf":"11b0ba4e-c532-4e01-9ab5-2f0490c39ef0"}]]
1708428345122	webdriver::server	DEBUG	<- 200 OK {"value":[{"element-6066-11e4-a52e-4f735466cecf":"11b0ba4e-c532-4e01-9ab5-2f0490c39ef0"}]}
1708428345126	webdriver::server	DEBUG	-> POST /session/25cff95d-b8f5-4a32-9a0f-5542af11f9ec/execute/sync {"script":"/* isDisplayed */return (function(){return (fun ... ement-6066-11e4-a52e-4f735466cecf":"11b0ba4e-c532-4e01-9ab5-2f0490c39ef0","ELEMENT":"11b0ba4e-c532-4e01-9ab5-2f0490c39ef0"}]}
1708428345128	Marionette	DEBUG	0 -> [0,7,"WebDriver:ExecuteScript",{"args":[{"ELEMENT":"11b0ba4e-c532-4e01-9ab5-2f0490c39ef0","element-6066-11e4-a52e-4f735466cecf":"11b0ba4e-c532-4e01-9ab5-2f0490c39ef0"}],"script":"/* isDisplayed */return (function(){return (function(){var k=this||self;function aa(a){return\"string\"==typeof a}function ba(a ... efined'?window.navigator:null,document:typeof window!='undefined'?window.document:null}, arguments);}).apply(null, arguments)"}]
1708428345134	Marionette	DEBUG	0 <- [1,7,null,{"value":true}]
1708428345135	webdriver::server	DEBUG	<- 200 OK {"value":true}
1708428345140	webdriver::server	DEBUG	-> POST /session/25cff95d-b8f5-4a32-9a0f-5542af11f9ec/elements {"using":"css selector","value":".panel-group.category-products"}
1708428345141	Marionette	DEBUG	0 -> [0,8,"WebDriver:FindElements",{"using":"css selector","value":".panel-group.category-products"}]
1708428345142	Marionette	DEBUG	0 <- [1,8,null,[{"element-6066-11e4-a52e-4f735466cecf":"f6099914-0b77-4ec0-84bc-2adec0f9c25c"}]]
1708428345144	webdriver::server	DEBUG	<- 200 OK {"value":[{"element-6066-11e4-a52e-4f735466cecf":"f6099914-0b77-4ec0-84bc-2adec0f9c25c"}]}
1708428345148	webdriver::server	DEBUG	-> POST /session/25cff95d-b8f5-4a32-9a0f-5542af11f9ec/execute/sync {"script":"/* isDisplayed */return (function(){return (fun ... ement-6066-11e4-a52e-4f735466cecf":"f6099914-0b77-4ec0-84bc-2adec0f9c25c","ELEMENT":"f6099914-0b77-4ec0-84bc-2adec0f9c25c"}]}
1708428345151	Marionette	DEBUG	0 -> [0,9,"WebDriver:ExecuteScript",{"args":[{"ELEMENT":"f6099914-0b77-4ec0-84bc-2adec0f9c25c","element-6066-11e4-a52e-4f735466cecf":"f6099914-0b77-4ec0-84bc-2adec0f9c25c"}],"script":"/* isDisplayed */return (function(){return (function(){var k=this||self;function aa(a){return\"string\"==typeof a}function ba(a ... efined'?window.navigator:null,document:typeof window!='undefined'?window.document:null}, arguments);}).apply(null, arguments)"}]
1708428345161	Marionette	DEBUG	0 <- [1,9,null,{"value":true}]
1708428345162	webdriver::server	DEBUG	<- 200 OK {"value":true}
1708428345167	webdriver::server	DEBUG	-> DELETE /session/25cff95d-b8f5-4a32-9a0f-5542af11f9ec 
1708428345169	Marionette	DEBUG	0 -> [0,10,"Marionette:Quit",{"flags":["eForceQuit"]}]
1708428345169	Marionette	INFO	Stopped listening on port 44075
JavaScript warning: https://pagead2.googlesyndication.com/pagead/managed/js/adsense/m202402150101/reactive_library_fy2021.js?bust=31081234, line 53: Script terminated by timeout at:
U/<@https://pagead2.googlesyndication.com/pagead/managed/js/adsense/m202402150101/reactive_library_fy2021.js?bust=31081234:53:396

JavaScript warning: https://s0.2mdn.net/879366/express_html_inpage_rendering_lib_200_278.js, line 14: Script terminated by timeout at:
v@https://s0.2mdn.net/879366/express_html_inpage_rendering_lib_200_278.js:14:381
Yf.prototype.D@https://s0.2mdn.net/879366/express_html_inpage_rendering_lib_200_278.js:58:595

1708428345537	Marionette	TRACE	[11] MarionetteCommands actor destroyed for window id 6442450945
1708428345587	Marionette	TRACE	Received observer notification quit-application
1708428345588	Marionette	TRACE	Received observer notification quit-application
1708428345588	RemoteAgent	DEBUG	Resetting recommended pref apz.content_response_timeout
1708428345589	RemoteAgent	DEBUG	Resetting recommended pref browser.contentblocking.introCount
1708428345589	RemoteAgent	DEBUG	Resetting recommended pref browser.download.panel.shown
1708428345589	RemoteAgent	DEBUG	Resetting recommended pref browser.newtabpage.activity-stream.showSponsoredTopSites
1708428345589	RemoteAgent	DEBUG	Resetting recommended pref browser.newtabpage.enabled
1708428345590	RemoteAgent	DEBUG	Resetting recommended pref browser.pagethumbnails.capturing_disabled
1708428345590	RemoteAgent	DEBUG	Resetting recommended pref browser.region.network.url
1708428345591	RemoteAgent	DEBUG	Resetting recommended pref browser.safebrowsing.blockedURIs.enabled
1708428345593	RemoteAgent	DEBUG	Resetting recommended pref browser.safebrowsing.downloads.enabled
1708428345595	RemoteAgent	DEBUG	Resetting recommended pref browser.safebrowsing.malware.enabled
1708428345598	RemoteAgent	DEBUG	Resetting recommended pref browser.safebrowsing.phishing.enabled
1708428345599	RemoteAgent	DEBUG	Resetting recommended pref browser.search.update
1708428345600	RemoteAgent	DEBUG	Resetting recommended pref browser.startup.couldRestoreSession.count
1708428345600	RemoteAgent	DEBUG	Resetting recommended pref browser.tabs.closeWindowWithLastTab
1708428345600	RemoteAgent	DEBUG	Resetting recommended pref browser.tabs.unloadOnLowMemory
1708428345600	RemoteAgent	DEBUG	Resetting recommended pref browser.tabs.warnOnClose
1708428345600	RemoteAgent	DEBUG	Resetting recommended pref browser.tabs.warnOnCloseOtherTabs
1708428345600	RemoteAgent	DEBUG	Resetting recommended pref browser.tabs.warnOnOpen
1708428345600	RemoteAgent	DEBUG	Resetting recommended pref browser.toolbars.bookmarks.visibility
1708428345600	RemoteAgent	DEBUG	Resetting recommended pref browser.topsites.contile.enabled
1708428345601	RemoteAgent	DEBUG	Resetting recommended pref browser.usedOnWindows10.introURL
1708428345601	RemoteAgent	DEBUG	Resetting recommended pref browser.urlbar.merino.endpointURL
1708428345602	RemoteAgent	DEBUG	Resetting recommended pref browser.urlbar.suggest.searches
1708428345603	RemoteAgent	DEBUG	Resetting recommended pref datareporting.policy.dataSubmissionPolicyAccepted
1708428345603	RemoteAgent	DEBUG	Resetting recommended pref dom.disable_open_during_load
1708428345603	RemoteAgent	DEBUG	Resetting recommended pref dom.file.createInChild
1708428345603	RemoteAgent	DEBUG	Resetting recommended pref dom.input_events.security.minNumTicks
1708428345604	RemoteAgent	DEBUG	Resetting recommended pref dom.input_events.security.minTimeElapsedInMS
1708428345604	RemoteAgent	DEBUG	Resetting recommended pref dom.max_chrome_script_run_time
1708428345604	RemoteAgent	DEBUG	Resetting recommended pref dom.max_script_run_time
1708428345604	RemoteAgent	DEBUG	Resetting recommended pref dom.navigation.locationChangeRateLimit.count
1708428345605	RemoteAgent	DEBUG	Resetting recommended pref dom.push.connection.enabled
1708428345605	RemoteAgent	DEBUG	Resetting recommended pref dom.screenorientation.allow-lock
1708428345605	RemoteAgent	DEBUG	Resetting recommended pref dom.successive_dialog_time_limit
1708428345605	RemoteAgent	DEBUG	Resetting recommended pref extensions.getAddons.cache.enabled
1708428345605	RemoteAgent	DEBUG	Resetting recommended pref extensions.getAddons.discovery.api_url
1708428345605	RemoteAgent	DEBUG	Resetting recommended pref extensions.blocklist.detailsURL
1708428345606	RemoteAgent	DEBUG	Resetting recommended pref extensions.blocklist.itemURL
1708428345606	RemoteAgent	DEBUG	Resetting recommended pref extensions.hotfix.url
1708428345606	RemoteAgent	DEBUG	Resetting recommended pref extensions.systemAddon.update.url
1708428345606	RemoteAgent	DEBUG	Resetting recommended pref extensions.update.background.url
1708428345607	RemoteAgent	DEBUG	Resetting recommended pref extensions.update.url
1708428345607	RemoteAgent	DEBUG	Resetting recommended pref extensions.getAddons.get.url
1708428345608	RemoteAgent	DEBUG	Resetting recommended pref extensions.getAddons.search.browseURL
1708428345608	RemoteAgent	DEBUG	Resetting recommended pref geo.provider.network.url
1708428345608	RemoteAgent	DEBUG	Resetting recommended pref identity.fxaccounts.auth.uri
1708428345608	RemoteAgent	DEBUG	Resetting recommended pref network.connectivity-service.enabled
1708428345608	RemoteAgent	DEBUG	Resetting recommended pref network.http.phishy-userpass-length
1708428345608	RemoteAgent	DEBUG	Resetting recommended pref network.http.prompt-temp-redirect
1708428345608	RemoteAgent	DEBUG	Resetting recommended pref privacy.trackingprotection.enabled
1708428345608	RemoteAgent	DEBUG	Resetting recommended pref security.fileuri.strict_origin_policy
1708428345609	RemoteAgent	DEBUG	Resetting recommended pref security.notification_enable_delay
1708428345609	RemoteAgent	DEBUG	Resetting recommended pref security.remote_settings.intermediates.enabled
1708428345609	RemoteAgent	DEBUG	Resetting recommended pref signon.autofillForms
1708428345610	RemoteAgent	DEBUG	Resetting recommended pref signon.rememberSignons
1708428345611	RemoteAgent	DEBUG	Resetting recommended pref toolkit.telemetry.server
1708428345611	RemoteAgent	DEBUG	Resetting recommended pref widget.windows.window_occlusion_tracking.enabled
1708428345611	RemoteAgent	DEBUG	Resetting recommended pref dom.disable_beforeunload
1708428345612	Marionette	DEBUG	Marionette stopped listening
1708428345612	Marionette	DEBUG	0 <- [1,10,null,{"cause":"shutdown","forced":false,"in_app":true}]
1708428345626	webdriver::server	DEBUG	Teardown session
1708428345629	Marionette	DEBUG	Closed connection 0
JavaScript error: , line 0: TypeError: NetworkError when attempting to fetch resource.
1708428345927	geckodriver::browser	DEBUG	Browser process stopped: exit status: 0
1708428345940	webdriver::server	DEBUG	<- 200 OK {"value":null}
