1708427561116	geckodriver	INFO	Listening on 127.0.0.1:4444
1708427561119	webdriver::server	DEBUG	-> GET /status 
1708427561119	webdriver::server	DEBUG	<- 200 OK {"value":{"message":"","ready":true}}
1708427561130	webdriver::server	DEBUG	-> POST /session {"capabilities":{"firstMatch":[{}],"alwaysMatch":{"browserName":"firefox","moz:firefoxOptions":{"binary":"/usr/bin/firefox"}}}}
1708427561130	geckodriver::capabilities	DEBUG	Trying to read firefox version from ini files
1708427561134	geckodriver::capabilities	DEBUG	Found version 122.0.1
1708427561135	mozrunner::runner	INFO	Running command: MOZ_CRASHREPORTER="1" MOZ_CRASHREPORTER_NO_REPORT="1" MOZ_CRASHREPORTER_SHUTDOWN="1" MOZ_NO_REMOTE="1" "/usr/bin/firefox" "--marionette" "-no-remote" "-profile" "/tmp/rust_mozprofile7OKXg6"
1708427561135	geckodriver::marionette	DEBUG	Waiting 60s to connect to browser on 127.0.0.1
1708427561135	geckodriver::browser	TRACE	Failed to open /tmp/rust_mozprofile7OKXg6/MarionetteActivePort
1708427561135	geckodriver::marionette	TRACE	Retrying in 100ms
1708427561235	geckodriver::browser	TRACE	Failed to open /tmp/rust_mozprofile7OKXg6/MarionetteActivePort
1708427561235	geckodriver::marionette	TRACE	Retrying in 100ms
console.warn: services.settings: Ignoring preference override of remote settings server
console.warn: services.settings: Allow by setting MOZ_REMOTE_SETTINGS_DEVTOOLS=1 in the environment
1708427561335	geckodriver::browser	TRACE	Failed to open /tmp/rust_mozprofile7OKXg6/MarionetteActivePort
1708427561335	geckodriver::marionette	TRACE	Retrying in 100ms
1708427561435	geckodriver::browser	TRACE	Failed to open /tmp/rust_mozprofile7OKXg6/MarionetteActivePort
1708427561435	geckodriver::marionette	TRACE	Retrying in 100ms
1708427561535	geckodriver::browser	TRACE	Failed to open /tmp/rust_mozprofile7OKXg6/MarionetteActivePort
1708427561536	geckodriver::marionette	TRACE	Retrying in 100ms
1708427561636	geckodriver::browser	TRACE	Failed to open /tmp/rust_mozprofile7OKXg6/MarionetteActivePort
1708427561636	geckodriver::marionette	TRACE	Retrying in 100ms
1708427561736	geckodriver::browser	TRACE	Failed to open /tmp/rust_mozprofile7OKXg6/MarionetteActivePort
1708427561736	geckodriver::marionette	TRACE	Retrying in 100ms
1708427561836	geckodriver::browser	TRACE	Failed to open /tmp/rust_mozprofile7OKXg6/MarionetteActivePort
1708427561836	geckodriver::marionette	TRACE	Retrying in 100ms
ATTENTION: default value of option mesa_glthread overridden by environment.
1708427561936	Marionette	INFO	Marionette enabled
1708427561936	geckodriver::browser	TRACE	Failed to open /tmp/rust_mozprofile7OKXg6/MarionetteActivePort
1708427561936	geckodriver::marionette	TRACE	Retrying in 100ms
1708427561937	RemoteAgent	DEBUG	Setting recommended pref apz.content_response_timeout to 60000
1708427561937	RemoteAgent	DEBUG	Setting recommended pref browser.contentblocking.introCount to 99
1708427561937	RemoteAgent	DEBUG	Setting recommended pref browser.download.panel.shown to true
1708427561937	RemoteAgent	DEBUG	Setting recommended pref browser.newtabpage.activity-stream.showSponsoredTopSites to false
1708427561937	RemoteAgent	DEBUG	Setting recommended pref browser.newtabpage.enabled to false
1708427561937	RemoteAgent	DEBUG	Setting recommended pref browser.pagethumbnails.capturing_disabled to true
1708427561937	RemoteAgent	DEBUG	Setting recommended pref browser.region.network.url to 
1708427561938	RemoteAgent	DEBUG	Setting recommended pref browser.safebrowsing.blockedURIs.enabled to false
1708427561938	RemoteAgent	DEBUG	Setting recommended pref browser.safebrowsing.downloads.enabled to false
1708427561938	RemoteAgent	DEBUG	Setting recommended pref browser.safebrowsing.malware.enabled to false
1708427561938	RemoteAgent	DEBUG	Setting recommended pref browser.safebrowsing.phishing.enabled to false
1708427561938	RemoteAgent	DEBUG	Setting recommended pref browser.search.update to false
1708427561938	RemoteAgent	DEBUG	Setting recommended pref browser.startup.couldRestoreSession.count to -1
1708427561938	RemoteAgent	DEBUG	Setting recommended pref browser.tabs.closeWindowWithLastTab to false
1708427561938	RemoteAgent	DEBUG	Setting recommended pref browser.tabs.unloadOnLowMemory to false
1708427561938	RemoteAgent	DEBUG	Setting recommended pref browser.tabs.warnOnClose to false
1708427561938	RemoteAgent	DEBUG	Setting recommended pref browser.tabs.warnOnCloseOtherTabs to false
1708427561938	RemoteAgent	DEBUG	Setting recommended pref browser.tabs.warnOnOpen to false
1708427561938	RemoteAgent	DEBUG	Setting recommended pref browser.toolbars.bookmarks.visibility to never
1708427561938	RemoteAgent	DEBUG	Setting recommended pref browser.topsites.contile.enabled to false
1708427561938	RemoteAgent	DEBUG	Setting recommended pref browser.usedOnWindows10.introURL to 
1708427561938	RemoteAgent	DEBUG	Setting recommended pref browser.urlbar.merino.endpointURL to 
1708427561938	RemoteAgent	DEBUG	Setting recommended pref browser.urlbar.suggest.searches to false
1708427561938	RemoteAgent	DEBUG	Setting recommended pref datareporting.policy.dataSubmissionPolicyAccepted to false
1708427561938	RemoteAgent	DEBUG	Setting recommended pref dom.disable_open_during_load to false
1708427561938	RemoteAgent	DEBUG	Setting recommended pref dom.file.createInChild to true
1708427561938	RemoteAgent	DEBUG	Setting recommended pref dom.input_events.security.minNumTicks to 0
1708427561938	RemoteAgent	DEBUG	Setting recommended pref dom.input_events.security.minTimeElapsedInMS to 0
1708427561938	RemoteAgent	DEBUG	Setting recommended pref dom.max_chrome_script_run_time to 0
1708427561938	RemoteAgent	DEBUG	Setting recommended pref dom.max_script_run_time to 0
1708427561938	RemoteAgent	DEBUG	Setting recommended pref dom.navigation.locationChangeRateLimit.count to 0
1708427561938	RemoteAgent	DEBUG	Setting recommended pref dom.push.connection.enabled to false
1708427561938	RemoteAgent	DEBUG	Setting recommended pref dom.screenorientation.allow-lock to true
1708427561938	RemoteAgent	DEBUG	Setting recommended pref dom.successive_dialog_time_limit to 0
1708427561938	RemoteAgent	DEBUG	Setting recommended pref extensions.getAddons.cache.enabled to false
1708427561938	RemoteAgent	DEBUG	Setting recommended pref extensions.getAddons.discovery.api_url to data:, 
1708427561938	RemoteAgent	DEBUG	Setting recommended pref extensions.blocklist.detailsURL to http://%(server)s/extensions-dummy/blocklistDetailsURL
1708427561939	RemoteAgent	DEBUG	Setting recommended pref extensions.blocklist.itemURL to http://%(server)s/extensions-dummy/blocklistItemURL
1708427561939	RemoteAgent	DEBUG	Setting recommended pref extensions.hotfix.url to http://%(server)s/extensions-dummy/hotfixURL
1708427561939	RemoteAgent	DEBUG	Setting recommended pref extensions.systemAddon.update.url to http://%(server)s/dummy-system-addons.xml
1708427561939	RemoteAgent	DEBUG	Setting recommended pref extensions.update.background.url to http://%(server)s/extensions-dummy/updateBackgroundURL
1708427561939	RemoteAgent	DEBUG	Setting recommended pref extensions.update.url to http://%(server)s/extensions-dummy/updateURL
1708427561939	RemoteAgent	DEBUG	Setting recommended pref extensions.getAddons.get.url to http://%(server)s/extensions-dummy/repositoryGetURL
1708427561939	RemoteAgent	DEBUG	Setting recommended pref extensions.getAddons.search.browseURL to http://%(server)s/extensions-dummy/repositoryBrowseURL
1708427561939	RemoteAgent	DEBUG	Setting recommended pref geo.provider.network.url to 
1708427561939	RemoteAgent	DEBUG	Setting recommended pref identity.fxaccounts.auth.uri to https://{server}/dummy/fxa
1708427561939	RemoteAgent	DEBUG	Setting recommended pref network.connectivity-service.enabled to false
1708427561939	RemoteAgent	DEBUG	Setting recommended pref network.http.phishy-userpass-length to 255
1708427561939	RemoteAgent	DEBUG	Setting recommended pref network.http.prompt-temp-redirect to false
1708427561939	RemoteAgent	DEBUG	Setting recommended pref privacy.trackingprotection.enabled to false
1708427561939	RemoteAgent	DEBUG	Setting recommended pref security.fileuri.strict_origin_policy to false
1708427561939	RemoteAgent	DEBUG	Setting recommended pref security.notification_enable_delay to 0
1708427561939	RemoteAgent	DEBUG	Setting recommended pref security.remote_settings.intermediates.enabled to false
1708427561939	RemoteAgent	DEBUG	Setting recommended pref signon.autofillForms to false
1708427561939	RemoteAgent	DEBUG	Setting recommended pref signon.rememberSignons to false
1708427561939	RemoteAgent	DEBUG	Setting recommended pref toolkit.telemetry.server to https://%(server)s/telemetry-dummy/
1708427561939	RemoteAgent	DEBUG	Setting recommended pref widget.windows.window_occlusion_tracking.enabled to false
1708427561939	RemoteAgent	DEBUG	Setting recommended pref dom.disable_beforeunload to true
1708427561940	Marionette	TRACE	Received observer notification final-ui-startup
ATTENTION: default value of option mesa_glthread overridden by environment.
1708427562036	geckodriver::browser	TRACE	Failed to open /tmp/rust_mozprofile7OKXg6/MarionetteActivePort
1708427562036	geckodriver::marionette	TRACE	Retrying in 100ms
1708427562046	Marionette	INFO	Listening on port 43935
1708427562047	Marionette	DEBUG	Marionette is listening
Read port: 43935
1708427562222	Marionette	DEBUG	Accepted connection 0 from 127.0.0.1:47482
1708427562240	geckodriver::marionette	DEBUG	Connection to Marionette established on 127.0.0.1:43935.
1708427562248	Marionette	DEBUG	0 -> [0,1,"WebDriver:NewSession",{"browserName":"firefox"}]
1708427562251	Marionette	DEBUG	Waiting for initial application window
console.error: ({})
1708427563358	Marionette	TRACE	Received observer notification browser-idle-startup-tasks-finished
1708427563365	RemoteAgent	TRACE	[8] ProgressListener Start: expectNavigation=false resolveWhenStarted=false unloadTimeout=5000 waitForExplicitStart=false
1708427563365	RemoteAgent	TRACE	[8] ProgressListener Setting unload timer (5000ms)
1708427563365	RemoteAgent	TRACE	[8] Document already finished loading: about:blank
1708427563365	RemoteAgent	TRACE	[8] ProgressListener Stop: has error=false
1708427563375	Marionette	DEBUG	0 <- [1,1,null,{"sessionId":"83052661-b6ce-4318-afc0-e34c2bd56698","capabilities":{"browserName":"firefox","browserVersion":"122.0.1","platformName":"linux","acceptInsecureCerts":false,"pageLoadStrategy":"normal","setWindowRect":true,"timeouts":{"implicit":0,"pageLoad":300000,"script":30000},"strictFileInteractability":false,"unhandledPromptBehavior":"dismiss and notify","moz:accessibilityChecks":false,"moz:buildID":"20240205133611","moz:headless":false,"moz:platformVersion":"5.15.0-94-generic","moz:processID":28192,"moz:profile":"/tmp/rust_mozprofile7OKXg6","moz:shutdownTimeout":60000,"moz:webdriverClick":true,"moz:windowless":false,"proxy":{}}}]
1708427563378	webdriver::server	DEBUG	<- 200 OK {"value":{"sessionId":"83052661-b6ce-4318-afc0-e34c2bd56698","capabilities":{"acceptInsecureCerts":false,"browserNa ... ctability":false,"timeouts":{"implicit":0,"pageLoad":300000,"script":30000},"unhandledPromptBehavior":"dismiss and notify"}}}
1708427563390	webdriver::server	DEBUG	-> DELETE /session/83052661-b6ce-4318-afc0-e34c2bd56698 
1708427563390	Marionette	DEBUG	0 -> [0,2,"Marionette:Quit",{"flags":["eForceQuit"]}]
1708427563391	Marionette	INFO	Stopped listening on port 43935
1708427563725	Marionette	TRACE	Received observer notification quit-application
1708427563728	Marionette	TRACE	Received observer notification quit-application
1708427563728	RemoteAgent	DEBUG	Resetting recommended pref apz.content_response_timeout
1708427563728	RemoteAgent	DEBUG	Resetting recommended pref browser.contentblocking.introCount
1708427563728	RemoteAgent	DEBUG	Resetting recommended pref browser.download.panel.shown
1708427563729	RemoteAgent	DEBUG	Resetting recommended pref browser.newtabpage.activity-stream.showSponsoredTopSites
1708427563729	RemoteAgent	DEBUG	Resetting recommended pref browser.newtabpage.enabled
1708427563730	RemoteAgent	DEBUG	Resetting recommended pref browser.pagethumbnails.capturing_disabled
1708427563730	RemoteAgent	DEBUG	Resetting recommended pref browser.region.network.url
1708427563730	RemoteAgent	DEBUG	Resetting recommended pref browser.safebrowsing.blockedURIs.enabled
1708427563732	RemoteAgent	DEBUG	Resetting recommended pref browser.safebrowsing.downloads.enabled
1708427563734	RemoteAgent	DEBUG	Resetting recommended pref browser.safebrowsing.malware.enabled
1708427563736	RemoteAgent	DEBUG	Resetting recommended pref browser.safebrowsing.phishing.enabled
1708427563739	RemoteAgent	DEBUG	Resetting recommended pref browser.search.update
1708427563739	RemoteAgent	DEBUG	Resetting recommended pref browser.startup.couldRestoreSession.count
1708427563739	RemoteAgent	DEBUG	Resetting recommended pref browser.tabs.closeWindowWithLastTab
1708427563739	RemoteAgent	DEBUG	Resetting recommended pref browser.tabs.unloadOnLowMemory
1708427563739	RemoteAgent	DEBUG	Resetting recommended pref browser.tabs.warnOnClose
1708427563739	RemoteAgent	DEBUG	Resetting recommended pref browser.tabs.warnOnCloseOtherTabs
1708427563739	RemoteAgent	DEBUG	Resetting recommended pref browser.tabs.warnOnOpen
1708427563739	RemoteAgent	DEBUG	Resetting recommended pref browser.toolbars.bookmarks.visibility
1708427563739	RemoteAgent	DEBUG	Resetting recommended pref browser.topsites.contile.enabled
1708427563740	RemoteAgent	DEBUG	Resetting recommended pref browser.usedOnWindows10.introURL
1708427563740	RemoteAgent	DEBUG	Resetting recommended pref browser.urlbar.merino.endpointURL
1708427563741	RemoteAgent	DEBUG	Resetting recommended pref browser.urlbar.suggest.searches
1708427563742	RemoteAgent	DEBUG	Resetting recommended pref datareporting.policy.dataSubmissionPolicyAccepted
1708427563742	RemoteAgent	DEBUG	Resetting recommended pref dom.disable_open_during_load
1708427563742	RemoteAgent	DEBUG	Resetting recommended pref dom.file.createInChild
1708427563742	RemoteAgent	DEBUG	Resetting recommended pref dom.input_events.security.minNumTicks
1708427563742	RemoteAgent	DEBUG	Resetting recommended pref dom.input_events.security.minTimeElapsedInMS
1708427563742	RemoteAgent	DEBUG	Resetting recommended pref dom.max_chrome_script_run_time
1708427563742	RemoteAgent	DEBUG	Resetting recommended pref dom.max_script_run_time
1708427563743	RemoteAgent	DEBUG	Resetting recommended pref dom.navigation.locationChangeRateLimit.count
1708427563743	RemoteAgent	DEBUG	Resetting recommended pref dom.push.connection.enabled
1708427563743	RemoteAgent	DEBUG	Resetting recommended pref dom.screenorientation.allow-lock
1708427563743	RemoteAgent	DEBUG	Resetting recommended pref dom.successive_dialog_time_limit
1708427563744	RemoteAgent	DEBUG	Resetting recommended pref extensions.getAddons.cache.enabled
1708427563744	RemoteAgent	DEBUG	Resetting recommended pref extensions.getAddons.discovery.api_url
1708427563744	RemoteAgent	DEBUG	Resetting recommended pref extensions.blocklist.detailsURL
1708427563744	RemoteAgent	DEBUG	Resetting recommended pref extensions.blocklist.itemURL
1708427563744	RemoteAgent	DEBUG	Resetting recommended pref extensions.hotfix.url
1708427563744	RemoteAgent	DEBUG	Resetting recommended pref extensions.systemAddon.update.url
1708427563744	RemoteAgent	DEBUG	Resetting recommended pref extensions.update.background.url
1708427563745	RemoteAgent	DEBUG	Resetting recommended pref extensions.update.url
1708427563745	RemoteAgent	DEBUG	Resetting recommended pref extensions.getAddons.get.url
1708427563745	RemoteAgent	DEBUG	Resetting recommended pref extensions.getAddons.search.browseURL
1708427563745	RemoteAgent	DEBUG	Resetting recommended pref geo.provider.network.url
1708427563745	RemoteAgent	DEBUG	Resetting recommended pref identity.fxaccounts.auth.uri
1708427563745	RemoteAgent	DEBUG	Resetting recommended pref network.connectivity-service.enabled
1708427563746	RemoteAgent	DEBUG	Resetting recommended pref network.http.phishy-userpass-length
1708427563746	RemoteAgent	DEBUG	Resetting recommended pref network.http.prompt-temp-redirect
1708427563746	RemoteAgent	DEBUG	Resetting recommended pref privacy.trackingprotection.enabled
1708427563746	RemoteAgent	DEBUG	Resetting recommended pref security.fileuri.strict_origin_policy
1708427563746	RemoteAgent	DEBUG	Resetting recommended pref security.notification_enable_delay
1708427563746	RemoteAgent	DEBUG	Resetting recommended pref security.remote_settings.intermediates.enabled
1708427563746	RemoteAgent	DEBUG	Resetting recommended pref signon.autofillForms
1708427563747	RemoteAgent	DEBUG	Resetting recommended pref signon.rememberSignons
1708427563747	RemoteAgent	DEBUG	Resetting recommended pref toolkit.telemetry.server
1708427563747	RemoteAgent	DEBUG	Resetting recommended pref widget.windows.window_occlusion_tracking.enabled
1708427563748	RemoteAgent	DEBUG	Resetting recommended pref dom.disable_beforeunload
1708427563748	Marionette	DEBUG	Marionette stopped listening
1708427563748	Marionette	DEBUG	0 <- [1,2,null,{"cause":"shutdown","forced":false,"in_app":true}]
1708427563761	webdriver::server	DEBUG	Teardown session
1708427563763	Marionette	DEBUG	Closed connection 0
1708427565065	geckodriver::browser	DEBUG	Browser process stopped: exit status: 0
1708427565069	webdriver::server	DEBUG	<- 200 OK {"value":null}
