Starting ChromeDriver 121.0.6167.184 (057a8ae7deb3374d0f1b04b36304d236f0136188-refs/branch-heads/6167@{#1818}) on port 9515
Only local connections are allowed.
Please see https://chromedriver.chromium.org/security-considerations for suggestions on keeping ChromeDriver safe.
ChromeDriver was started successfully.
[1708599652.646][INFO]: [a398497f2f3c5dbd5048c2ab218726b6] COMMAND InitSession {
   "capabilities": {
      "alwaysMatch": {
         "browserName": "chrome",
         "goog:chromeOptions": {
         }
      },
      "firstMatch": [ {
      } ]
   }
}
[1708599652.646][INFO]: Browser search. Trying... /home/knoldus/Documents/NightwatchPractice/node_modules/chromedriver/lib/chromedriver/chrome
[1708599652.646][INFO]: Browser search. Trying... /home/knoldus/Documents/NightwatchPractice/node_modules/chromedriver/lib/chromedriver/chrome
[1708599652.646][INFO]: Browser search. Trying... /home/knoldus/Documents/NightwatchPractice/node_modules/chromedriver/lib/chromedriver/google-chrome
[1708599652.646][INFO]: Browser search. Trying... /home/knoldus/Documents/NightwatchPractice/node_modules/chromedriver/lib/chromedriver/chromium
[1708599652.646][INFO]: Browser search. Trying... /home/knoldus/Documents/NightwatchPractice/node_modules/chromedriver/lib/chromedriver/chromium-browser
[1708599652.646][INFO]: Browser search. Trying... /usr/local/sbin/chrome
[1708599652.646][INFO]: Browser search. Trying... /usr/local/bin/chrome
[1708599652.646][INFO]: Browser search. Trying... /usr/sbin/chrome
[1708599652.646][INFO]: Browser search. Trying... /usr/bin/chrome
[1708599652.646][INFO]: Browser search. Trying... /sbin/chrome
[1708599652.646][INFO]: Browser search. Trying... /bin/chrome
[1708599652.646][INFO]: Browser search. Trying... /opt/google/chrome/chrome
[1708599652.646][INFO]: Browser search. Found at  /opt/google/chrome/chrome
[1708599652.646][INFO]: Populating Preferences file: {
   "alternate_error_pages": {
      "enabled": false
   },
   "autofill": {
      "enabled": false
   },
   "browser": {
      "check_default_browser": false
   },
   "distribution": {
      "import_bookmarks": false,
      "import_history": false,
      "import_search_engine": false,
      "make_chrome_default_for_user": false,
      "skip_first_run_ui": true
   },
   "dns_prefetching": {
      "enabled": false
   },
   "profile": {
      "content_settings": {
         "pattern_pairs": {
            "https://*,*": {
               "media-stream": {
                  "audio": "Default",
                  "video": "Default"
               }
            }
         }
      },
      "default_content_setting_values": {
         "geolocation": 1
      },
      "default_content_settings": {
         "geolocation": 1,
         "mouselock": 1,
         "notifications": 1,
         "popups": 1,
         "ppapi-broker": 1
      },
      "password_manager_enabled": false
   },
   "safebrowsing": {
      "enabled": false
   },
   "search": {
      "suggest_enabled": false
   },
   "translate": {
      "enabled": false
   }
}
[1708599652.646][INFO]: Populating Local State file: {
   "background_mode": {
      "enabled": false
   },
   "ssl": {
      "rev_checking": {
         "enabled": false
      }
   }
}
[1708599652.647][INFO]: ChromeDriver supports communication with Chrome via pipes. This is more reliable and more secure.
[1708599652.647][INFO]: Use the --remote-debugging-pipe Chrome switch instead of the default --remote-debugging-port to enable this communication mode.
[1708599652.647][INFO]: Launching chrome: /opt/google/chrome/chrome --allow-pre-commit-input --disable-background-networking --disable-client-side-phishing-detection --disable-default-apps --disable-hang-monitor --disable-popup-blocking --disable-prompt-on-repost --disable-sync --enable-automation --enable-logging=stderr --log-level=0 --no-first-run --no-service-autorun --password-store=basic --remote-debugging-port=0 --test-type=webdriver --use-mock-keychain --user-data-dir=/tmp/.org.chromium.Chromium.FUZ2kZ data:,
[0222/163052.663103:WARNING:chrome_main_linux.cc(80)] Read channel stable from /opt/google/chrome/CHROME_VERSION_EXTRA
[122694:122694:0222/163052.664135:WARNING:chrome_main_delegate.cc(742)] This is Chrome version 122.0.6261.57 (not a warning)
[122694:122694:0222/163052.693412:INFO:policy_logger.cc(145)] :components/policy/core/common/config_dir_policy_loader.cc(118) Skipping mandatory platform policies because no policy file was found at: /etc/opt/chrome/policies/managed
[122694:122694:0222/163052.693438:INFO:policy_logger.cc(145)] :components/policy/core/common/config_dir_policy_loader.cc(118) Skipping recommended platform policies because no policy file was found at: /etc/opt/chrome/policies/recommended
[122694:122694:0222/163052.846651:INFO:policy_logger.cc(145)] :components/enterprise/browser/controller/chrome_browser_cloud_management_controller.cc(168) Starting CBCM Controller Initialization
[122694:122694:0222/163052.846696:INFO:policy_logger.cc(145)] :components/enterprise/browser/controller/chrome_browser_cloud_management_controller.cc(196) No machine level policy manager exists.

DevTools listening on ws://127.0.0.1:38343/devtools/browser/bbb73351-2821-455c-a4cb-54210fba565d
[1708599652.904][DEBUG]: DevTools HTTP Request: http://localhost:38343/json/version
[122694:122694:0222/163052.994480:WARNING:bluez_dbus_manager.cc(248)] Floss manager not present, cannot set Floss enable/disable.
[1708599653.002][DEBUG]: DevTools HTTP Response: {
   "Browser": "Chrome/122.0.6261.57",
   "Protocol-Version": "1.3",
   "User-Agent": "Mozilla/5.0 (X11; Linux x86_64) AppleWebKit/537.36 (KHTML, like Gecko) Chrome/122.0.0.0 Safari/537.36",
   "V8-Version": "12.2.281.16",
   "WebKit-Version": "537.36 (@87957e464700ccf3468df47ce741e0dc089e0544)",
   "webSocketDebuggerUrl": "ws://localhost:38343/devtools/browser/bbb73351-2821-455c-a4cb-54210fba565d"
}

[1708599653.002][WARNING]: This version of ChromeDriver has not been tested with Chrome version 122.
[1708599653.002][DEBUG]: DevTools HTTP Request: http://localhost:38343/json/list
[1708599653.013][DEBUG]: DevTools HTTP Response: [ {
   "description": "",
   "devtoolsFrontendUrl": "/devtools/inspector.html?ws=localhost:38343/devtools/page/9958FEF4C559373C61AA6D3F6F15D418",
   "id": "9958FEF4C559373C61AA6D3F6F15D418",
   "title": "",
   "type": "page",
   "url": "data:,",
   "webSocketDebuggerUrl": "ws://localhost:38343/devtools/page/9958FEF4C559373C61AA6D3F6F15D418"
} ]

[1708599653.013][INFO]: resolved localhost to ["127.0.0.1"]
[122694:122694:0222/163053.013486:ERROR:object_proxy.cc(576)] Failed to call method: org.freedesktop.ScreenSaver.GetActive: object_path= /org/freedesktop/ScreenSaver: org.freedesktop.DBus.Error.NotSupported: This method is not implemented
[1708599653.017][DEBUG]: DevTools WebSocket Command: Target.getTargets (id=1) (session_id=) browser {
}
[1708599653.019][DEBUG]: DevTools WebSocket Response: Target.getTargets (id=1) (session_id=) browser {
   "targetInfos": [ {
      "attached": false,
      "browserContextId": "3F41711B142D29FE71A61A886C7833D2",
      "canAccessOpener": false,
      "targetId": "9958FEF4C559373C61AA6D3F6F15D418",
      "title": "",
      "type": "page",
      "url": "data:,"
   } ]
}
[1708599653.019][DEBUG]: DevTools WebSocket Command: Target.attachToTarget (id=2) (session_id=) browser {
   "flatten": true,
   "targetId": "9958FEF4C559373C61AA6D3F6F15D418"
}
[1708599653.021][DEBUG]: DevTools WebSocket Event: Target.attachedToTarget (session_id=) browser {
   "sessionId": "10950AAF4E4A644A87EE12ABBB33601F",
   "targetInfo": {
      "attached": true,
      "browserContextId": "3F41711B142D29FE71A61A886C7833D2",
      "canAccessOpener": false,
      "targetId": "9958FEF4C559373C61AA6D3F6F15D418",
      "title": "",
      "type": "page",
      "url": "data:,"
   },
   "waitingForDebugger": false
}
[1708599653.021][DEBUG]: DevTools WebSocket Response: Target.attachToTarget (id=2) (session_id=) browser {
   "sessionId": "10950AAF4E4A644A87EE12ABBB33601F"
}
[1708599653.021][DEBUG]: DevTools WebSocket Command: Page.enable (id=3) (session_id=10950AAF4E4A644A87EE12ABBB33601F) 9958FEF4C559373C61AA6D3F6F15D418 {
}
[1708599653.021][DEBUG]: DevTools WebSocket Command: Page.addScriptToEvaluateOnNewDocument (id=4) (session_id=10950AAF4E4A644A87EE12ABBB33601F) 9958FEF4C559373C61AA6D3F6F15D418 {
   "source": "(function () {window.cdc_adoQpoasnfa76pfcZLmcfl_Array = window.Array;window.cdc_adoQpoasnfa76pfcZLmcfl_Object = window.Object;window.cdc_adoQpoasnfa76pfcZLmcfl_Promise = window.Promise;window.cdc_a..."
}
[1708599653.021][DEBUG]: DevTools WebSocket Command: Runtime.evaluate (id=5) (session_id=10950AAF4E4A644A87EE12ABBB33601F) 9958FEF4C559373C61AA6D3F6F15D418 {
   "expression": "(function () {window.cdc_adoQpoasnfa76pfcZLmcfl_Array = window.Array;window.cdc_adoQpoasnfa76pfcZLmcfl_Object = window.Object;window.cdc_adoQpoasnfa76pfcZLmcfl_Promise = window.Promise;window.cdc_a..."
}
[1708599653.022][DEBUG]: DevTools WebSocket Command: Log.enable (id=6) (session_id=10950AAF4E4A644A87EE12ABBB33601F) 9958FEF4C559373C61AA6D3F6F15D418 {
}
[1708599653.022][DEBUG]: DevTools WebSocket Command: Target.setAutoAttach (id=7) (session_id=10950AAF4E4A644A87EE12ABBB33601F) 9958FEF4C559373C61AA6D3F6F15D418 {
   "autoAttach": true,
   "flatten": true,
   "waitForDebuggerOnStart": false
}
[1708599653.022][DEBUG]: DevTools WebSocket Command: Page.enable (id=8) (session_id=10950AAF4E4A644A87EE12ABBB33601F) 9958FEF4C559373C61AA6D3F6F15D418 {
}
[1708599653.022][DEBUG]: DevTools WebSocket Command: Page.enable (id=9) (session_id=10950AAF4E4A644A87EE12ABBB33601F) 9958FEF4C559373C61AA6D3F6F15D418 {
}
MESA-INTEL: warning: Performance support disabled, consider sysctl dev.i915.perf_stream_paranoid=0

[122730:122730:0222/163054.010250:WARNING:sandbox_linux.cc(418)] InitializeSandbox() called with multiple threads in process gpu-process.
[1708599654.028][DEBUG]: DevTools WebSocket Response: Page.enable (id=3) (session_id=10950AAF4E4A644A87EE12ABBB33601F) 9958FEF4C559373C61AA6D3F6F15D418 {
}
[1708599654.028][DEBUG]: DevTools WebSocket Response: Page.addScriptToEvaluateOnNewDocument (id=4) (session_id=10950AAF4E4A644A87EE12ABBB33601F) 9958FEF4C559373C61AA6D3F6F15D418 {
   "identifier": "1"
}
[1708599654.028][DEBUG]: DevTools WebSocket Response: Runtime.evaluate (id=5) (session_id=10950AAF4E4A644A87EE12ABBB33601F) 9958FEF4C559373C61AA6D3F6F15D418 {
   "result": {
      "type": "undefined"
   }
}
[1708599654.028][DEBUG]: DevTools WebSocket Response: Log.enable (id=6) (session_id=10950AAF4E4A644A87EE12ABBB33601F) 9958FEF4C559373C61AA6D3F6F15D418 {
}
[1708599654.028][DEBUG]: DevTools WebSocket Response: Target.setAutoAttach (id=7) (session_id=10950AAF4E4A644A87EE12ABBB33601F) 9958FEF4C559373C61AA6D3F6F15D418 {
}
[1708599654.028][DEBUG]: DevTools WebSocket Response: Page.enable (id=8) (session_id=10950AAF4E4A644A87EE12ABBB33601F) 9958FEF4C559373C61AA6D3F6F15D418 {
}
[1708599654.028][DEBUG]: DevTools WebSocket Response: Page.enable (id=9) (session_id=10950AAF4E4A644A87EE12ABBB33601F) 9958FEF4C559373C61AA6D3F6F15D418 {
}
[1708599654.028][DEBUG]: DevTools WebSocket Command: Runtime.enable (id=10) (session_id=10950AAF4E4A644A87EE12ABBB33601F) 9958FEF4C559373C61AA6D3F6F15D418 {
}
[1708599654.029][DEBUG]: DevTools WebSocket Event: Page.domContentEventFired (session_id=10950AAF4E4A644A87EE12ABBB33601F) 9958FEF4C559373C61AA6D3F6F15D418 {
   "timestamp": 75783.585887
}
[1708599654.029][DEBUG]: DevTools WebSocket Event: Page.loadEventFired (session_id=10950AAF4E4A644A87EE12ABBB33601F) 9958FEF4C559373C61AA6D3F6F15D418 {
   "timestamp": 75783.586273
}
[1708599654.031][DEBUG]: DevTools WebSocket Event: Page.frameStoppedLoading (session_id=10950AAF4E4A644A87EE12ABBB33601F) 9958FEF4C559373C61AA6D3F6F15D418 {
   "frameId": "9958FEF4C559373C61AA6D3F6F15D418"
}
[1708599654.031][DEBUG]: DevTools WebSocket Event: Page.frameResized (session_id=10950AAF4E4A644A87EE12ABBB33601F) 9958FEF4C559373C61AA6D3F6F15D418 {
}
[1708599654.031][DEBUG]: DevTools WebSocket Event: Runtime.executionContextCreated (session_id=10950AAF4E4A644A87EE12ABBB33601F) 9958FEF4C559373C61AA6D3F6F15D418 {
   "context": {
      "auxData": {
         "frameId": "9958FEF4C559373C61AA6D3F6F15D418",
         "isDefault": true,
         "type": "default"
      },
      "id": 1,
      "name": "",
      "origin": "://",
      "uniqueId": "4591995876539439095.-4177644179231872504"
   }
}
[1708599654.031][DEBUG]: DevTools WebSocket Response: Runtime.enable (id=10) (session_id=10950AAF4E4A644A87EE12ABBB33601F) 9958FEF4C559373C61AA6D3F6F15D418 {
}
[1708599654.031][DEBUG]: DevTools WebSocket Command: Page.enable (id=11) (session_id=10950AAF4E4A644A87EE12ABBB33601F) 9958FEF4C559373C61AA6D3F6F15D418 {
}
[1708599654.031][DEBUG]: DevTools WebSocket Response: Page.enable (id=11) (session_id=10950AAF4E4A644A87EE12ABBB33601F) 9958FEF4C559373C61AA6D3F6F15D418 {
}
[1708599654.031][DEBUG]: DevTools WebSocket Command: Runtime.enable (id=12) (session_id=10950AAF4E4A644A87EE12ABBB33601F) 9958FEF4C559373C61AA6D3F6F15D418 {
}
[1708599654.031][DEBUG]: DevTools WebSocket Response: Runtime.enable (id=12) (session_id=10950AAF4E4A644A87EE12ABBB33601F) 9958FEF4C559373C61AA6D3F6F15D418 {
}
[1708599654.031][INFO]: [a398497f2f3c5dbd5048c2ab218726b6] RESPONSE InitSession {
   "capabilities": {
      "acceptInsecureCerts": false,
      "browserName": "chrome",
      "browserVersion": "122.0.6261.57",
      "chrome": {
         "chromedriverVersion": "121.0.6167.184 (057a8ae7deb3374d0f1b04b36304d236f0136188-refs/branch-heads/6167@{#1818})",
         "userDataDir": "/tmp/.org.chromium.Chromium.FUZ2kZ"
      },
      "fedcm:accounts": true,
      "goog:chromeOptions": {
         "debuggerAddress": "localhost:38343"
      },
      "networkConnectionEnabled": false,
      "pageLoadStrategy": "normal",
      "platformName": "linux",
      "proxy": {
      },
      "setWindowRect": true,
      "strictFileInteractability": false,
      "timeouts": {
         "implicit": 0,
         "pageLoad": 300000,
         "script": 30000
      },
      "unhandledPromptBehavior": "dismiss and notify",
      "webauthn:extension:credBlob": true,
      "webauthn:extension:largeBlob": true,
      "webauthn:extension:minPinLength": true,
      "webauthn:extension:prf": true,
      "webauthn:virtualAuthenticators": true
   },
   "sessionId": "a398497f2f3c5dbd5048c2ab218726b6"
}
[1708599654.056][INFO]: [a398497f2f3c5dbd5048c2ab218726b6] COMMAND Quit {
}
[1708599654.107][INFO]: [a398497f2f3c5dbd5048c2ab218726b6] RESPONSE Quit
[1708599654.108][DEBUG]: Log type 'driver' lost 1 entries on destruction
[1708599654.108][DEBUG]: Log type 'browser' lost 0 entries on destruction
